[    1092ms] [LOG] %c
▲

    ________   _ __ _          ____           __
   /  _/ __/  (_) /( )_____   / __/___ ______/ /_
   / // /_   / / __/// ___/  / /_/ __ `/ ___/ __/
 _/ // __/  / / /_  (__  )  / __/ /_/ (__  ) /_
/___/_/    /_/\__/ /____/  /_/  \__,_/____/\__/
    _ __ _                         _    __                    __
   (_) /( )_____   ____  ____     | |  / /__  _____________  / /
  / / __/// ___/  / __ \/ __ \    | | / / _ \/ ___/ ___/ _ \/ /
 / / /_  (__  )  / /_/ / / / /    | |/ /  __/ /  / /__/  __/ /
/_/\__/ /____/   \____/_/ /_/     |___/\___/_/   \___/\___/_/
  

Hello!

- Open Source https://vercel.com/oss
- Careers https://vercel.com/careers
- Status https://vercel-status.com

 font-family: "Geist Mono", monospace; white-space: pre; line-height: 1; @ https://vercel.com/vc-ap-vercel-marketing/_next/static/chunks/24quu-myxl89y.js?dpl=dpl_ANawg1BDEHM3xecpkRwir4xSGjHw:72
[    1961ms] [ERROR] Failed to load resource: the server responded with a status of 403 () @ https://vercel.com/api/jwt:0
[    2267ms] [WARNING] Deprecated API for given entry type. @ https://vercel.com/vc-ap-vercel-marketing/_next/static/chunks/3-ceguxkgi0b-.js?dpl=dpl_ANawg1BDEHM3xecpkRwir4xSGjHw:18
[    5412ms] [WARNING] The resource https://vercel.com/vc-ap-vercel-marketing/_next/static/media/9d9927955a95a20d-s.p.0i8f_s95odn18.woff2?dpl=dpl_ANawg1BDEHM3xecpkRwir4xSGjHw was preloaded using link preload but not used within a few seconds from the window's load event. Please make sure it has an appropriate `as` value and it is preloaded intentionally. @ https://vercel.com/:0
[    5412ms] [WARNING] The resource https://vercel.com/vc-ap-vercel-marketing/_next/static/chunks/3e0zxerqr6pe8.css?dpl=dpl_ANawg1BDEHM3xecpkRwir4xSGjHw was preloaded using link preload but not used within a few seconds from the window's load event. Please make sure it has an appropriate `as` value and it is preloaded intentionally. @ https://vercel.com/:0
[    5412ms] [WARNING] The resource https://vercel.com/vc-ap-vercel-marketing/_next/static/chunks/2jfkba94r7hen.css?dpl=dpl_ANawg1BDEHM3xecpkRwir4xSGjHw was preloaded using link preload but not used within a few seconds from the window's load event. Please make sure it has an appropriate `as` value and it is preloaded intentionally. @ https://vercel.com/:0
[    5412ms] [WARNING] The resource https://vercel.com/vc-ap-vercel-marketing/_next/static/chunks/2u9t0ep8nc2r2.css?dpl=dpl_ANawg1BDEHM3xecpkRwir4xSGjHw was preloaded using link preload but not used within a few seconds from the window's load event. Please make sure it has an appropriate `as` value and it is preloaded intentionally. @ https://vercel.com/:0
