[     686ms] [VERBOSE] [DOM] Password field is not contained in a form: (More info: https://goo.gl/9p2vKq) %o @ https://accounts.google.com/v3/signin/identifier?authuser=0&continue=https%3A%2F%2Fmail.google.com%2Fmail%2F&ec=GAlAFw&hl=en-GB&service=mail&flowName=GlifWebSignIn&flowEntry=AddSession&dsh=S68436726%3A1776051812043313:0
[     698ms] [LOG] %c%s color: red; background: yellow; font-size: 24px; WARNING! @ https://www.gstatic.com/_/mss/boq-identity/_/js/k=boq-identity.AccountsSignInUi.en_GB.5WE42GyITZU.es5.O/am=Kf8GAABCEUgGwP__HzIAIACCaOB6FoAmEBkAAAAAAEAAALDCAAAaAQ/d=1/excm=_b,_tp,identifierview/ed=1/dg=0/wt=2/ujg=1/rs=AOaEmlFiyiHSeRYTW0UUbUMLrfJuPu6bcg/dti=1/m=_b,_tp:468
[     698ms] [LOG] %c%s font-size: 18px; Using this console may allow attackers to impersonate you and steal your information using an attack called Self-XSS.
Do not enter or paste code that you don't understand. @ https://www.gstatic.com/_/mss/boq-identity/_/js/k=boq-identity.AccountsSignInUi.en_GB.5WE42GyITZU.es5.O/am=Kf8GAABCEUgGwP__HzIAIACCaOB6FoAmEBkAAAAAAEAAALDCAAAaAQ/d=1/excm=_b,_tp,identifierview/ed=1/dg=0/wt=2/ujg=1/rs=AOaEmlFiyiHSeRYTW0UUbUMLrfJuPu6bcg/dti=1/m=_b,_tp:468
[    8685ms] [VERBOSE] [DOM] Password field is not contained in a form: (More info: https://goo.gl/9p2vKq) %o @ https://accounts.google.com/v3/signin/challenge/pwd?TL=AIgtPP0SuOcFMbGy-GcG1ZGX4pR4jxnln3tk5M9woe1VC9YVQGm6Byo9cbXA3Kr6&authuser=0&checkConnection=youtube%3A268&checkedDomains=youtube&cid=1&continue=https%3A%2F%2Fmail.google.com%2Fmail%2F&dsh=S68436726%3A1776051812043313&ec=GAlAFw&flowEntry=AddSession&flowName=GlifWebSignIn&hl=en-GB&pstMsg=1&service=mail:0
[  198692ms] [LOG] %c%s color: red; background: yellow; font-size: 24px; WARNING! @ https://www.gstatic.com/_/mss/boq-identity/_/js/k=boq-identity.AccountsSignInUi.en_GB.5WE42GyITZU.es5.O/am=Kf8GAABCEUgGwP__HzIAIACCaOB6FoAmEBkAAAAAAEAAALDCAAAaAQ/d=1/excm=_b,_tp,webapprovalchallenge/ed=1/dg=0/wt=2/ujg=1/rs=AOaEmlFiyiHSeRYTW0UUbUMLrfJuPu6bcg/dti=1/m=_b,_tp:468
[  198692ms] [LOG] %c%s font-size: 18px; Using this console may allow attackers to impersonate you and steal your information using an attack called Self-XSS.
Do not enter or paste code that you don't understand. @ https://www.gstatic.com/_/mss/boq-identity/_/js/k=boq-identity.AccountsSignInUi.en_GB.5WE42GyITZU.es5.O/am=Kf8GAABCEUgGwP__HzIAIACCaOB6FoAmEBkAAAAAAEAAALDCAAAaAQ/d=1/excm=_b,_tp,webapprovalchallenge/ed=1/dg=0/wt=2/ujg=1/rs=AOaEmlFiyiHSeRYTW0UUbUMLrfJuPu6bcg/dti=1/m=_b,_tp:468
[  212882ms] [LOG] %c%s color: red; background: yellow; font-size: 24px; WARNING! @ https://www.gstatic.com/_/mss/boq-identity/_/js/k=boq-identity.AccountsSignInUi.en_GB.5WE42GyITZU.es5.O/am=Kf8GAABCEUgGwP__HzIAIACCaOB6FoAmEBkAAAAAAEAAALDCAAAaAQ/d=1/excm=_b,_tp,accountchooserview/ed=1/dg=0/wt=2/ujg=1/rs=AOaEmlFiyiHSeRYTW0UUbUMLrfJuPu6bcg/dti=1/m=_b,_tp:468
[  212882ms] [LOG] %c%s font-size: 18px; Using this console may allow attackers to impersonate you and steal your information using an attack called Self-XSS.
Do not enter or paste code that you don't understand. @ https://www.gstatic.com/_/mss/boq-identity/_/js/k=boq-identity.AccountsSignInUi.en_GB.5WE42GyITZU.es5.O/am=Kf8GAABCEUgGwP__HzIAIACCaOB6FoAmEBkAAAAAAEAAALDCAAAaAQ/d=1/excm=_b,_tp,accountchooserview/ed=1/dg=0/wt=2/ujg=1/rs=AOaEmlFiyiHSeRYTW0UUbUMLrfJuPu6bcg/dti=1/m=_b,_tp:468
[  216902ms] [LOG] %c%s color: red; background: yellow; font-size: 24px; WARNING! @ https://www.gstatic.com/_/mss/boq-identity/_/js/k=boq-identity.AccountsSignInUi.en_GB.5WE42GyITZU.es5.O/am=Kf8GAABCEUgGwP__HzIAIACCaOB6FoAmEBkAAAAAAEAAALDCAAAaAQ/d=1/excm=_b,_tp,webapprovalchallenge/ed=1/dg=0/wt=2/ujg=1/rs=AOaEmlFiyiHSeRYTW0UUbUMLrfJuPu6bcg/dti=1/m=_b,_tp:468
[  216902ms] [LOG] %c%s font-size: 18px; Using this console may allow attackers to impersonate you and steal your information using an attack called Self-XSS.
Do not enter or paste code that you don't understand. @ https://www.gstatic.com/_/mss/boq-identity/_/js/k=boq-identity.AccountsSignInUi.en_GB.5WE42GyITZU.es5.O/am=Kf8GAABCEUgGwP__HzIAIACCaOB6FoAmEBkAAAAAAEAAALDCAAAaAQ/d=1/excm=_b,_tp,webapprovalchallenge/ed=1/dg=0/wt=2/ujg=1/rs=AOaEmlFiyiHSeRYTW0UUbUMLrfJuPu6bcg/dti=1/m=_b,_tp:468
[  307936ms] [LOG] %c%s color: red; background: yellow; font-size: 24px; WARNING! @ https://www.gstatic.com/_/mss/boq-identity/_/js/k=boq-identity.AccountsSignInUi.en_GB.5WE42GyITZU.es5.O/am=Kf8GAABCEUgGwP__HzIAIACCaOB6FoAmEBkAAAAAAEAAALDCAAAaAQ/d=1/excm=_b,_tp,webapprovalchallenge/ed=1/dg=0/wt=2/ujg=1/rs=AOaEmlFiyiHSeRYTW0UUbUMLrfJuPu6bcg/dti=1/m=_b,_tp:468
[  307937ms] [LOG] %c%s font-size: 18px; Using this console may allow attackers to impersonate you and steal your information using an attack called Self-XSS.
Do not enter or paste code that you don't understand. @ https://www.gstatic.com/_/mss/boq-identity/_/js/k=boq-identity.AccountsSignInUi.en_GB.5WE42GyITZU.es5.O/am=Kf8GAABCEUgGwP__HzIAIACCaOB6FoAmEBkAAAAAAEAAALDCAAAaAQ/d=1/excm=_b,_tp,webapprovalchallenge/ed=1/dg=0/wt=2/ujg=1/rs=AOaEmlFiyiHSeRYTW0UUbUMLrfJuPu6bcg/dti=1/m=_b,_tp:468
[  370283ms] [LOG] %c%s color: red; background: yellow; font-size: 24px; WARNING! @ https://www.gstatic.com/_/mss/boq-googlegrowth/_/js/k=boq-googlegrowth.GrowthOnboardUi.en_GB.G7magIr4O-E.2018.O/am=AAAAAGYAMAAAQAI/d=1/excm=_b,_tp,landingview/ed=1/dg=0/wt=2/ujg=1/rs=AF-uQDl_CpjJokZ9DK1ZR7GSlf4DGPFQww/dti=1/m=_b,_tp:332
[  370283ms] [LOG] %c%s font-size: 18px; Using this console may allow attackers to impersonate you and steal your information using an attack called Self-XSS.
Do not enter or paste code that you don't understand. @ https://www.gstatic.com/_/mss/boq-googlegrowth/_/js/k=boq-googlegrowth.GrowthOnboardUi.en_GB.G7magIr4O-E.2018.O/am=AAAAAGYAMAAAQAI/d=1/excm=_b,_tp,landingview/ed=1/dg=0/wt=2/ujg=1/rs=AF-uQDl_CpjJokZ9DK1ZR7GSlf4DGPFQww/dti=1/m=_b,_tp:332
